# This file was automatically created by FeynRules 2.3.49
# Mathematica version: 14.2.0 for Mac OS X ARM (64-bit) (December 26, 2024)
# Date: Mon 8 Sep 2025 08:32:51


# 
# This is the logfile for the model ExoticMuons

# Authors: A. Greljo, A. Palavric, M. Tunja, J. Zupan
# Model version: 0.1
# Checking the Quantum numbers
   >>> Electric charge not defined for the model. Assuming zero electric charge for all particles.
# Checking the Lagrangians
   * All Lagrangians are ok.
#
# Particle definitions
#

   * No particles removed. All particles correspond to GenInt setup.

# Automatically assigned PDG numbers
   * Assigned PDG number 9000001 to particle S


# Compulsory PDG codes:
   * Class SM leptons incomplete. 15 missing.
   * Class SM neutrinos incomplete. 12, 14, 16 missing.
   * Class SM quarks incomplete. 1, 2, 3, 4, 5, 6 missing.
   * Class SM gauge bosons incomplete. 21, 22, 23, 24 missing.
#
# Parameter definitions
#

   * All parameters are ok.


# Vertices
   * Calling FeynmanRules for 1 Lagrangians.
   * Number of classes vertices: 7
   * Number of flavored vertices: 7
   * Saved vertices in InterfaceRun[ 1 ].
   * particles.py written.
   * parameters.py written.
#
# Vertex definitions
#

   * 7 vertices written.
   * vertices.py written.
#
# Lorentz structure definitions
#

   * 7 lorentz structures written.
   * lorentz.py written.
#
# Coupling definitions
#

   * 7 couplings written.
   * couplings.py written.
#
# Coupling order definitions
#

   * 0 couplings orders written.
   * coupling_orders.py written.
#
# Decay definitions
#

   * 3 decays written.
   * decay.py not written
#
# CTCoupling definitions
#

   * 0 CTcouplings written.
   * CT_couplings.py written.
